Performing C SOURCE FILE Test CMAKE_HAVE_LIBC_PTHREAD failed with the following output:
Change Dir: /home/khaled/ND-PCL/ND-SensorFusion-Lidar/src/quiz/ransac/build/CMakeFiles/CMakeTmp

Run Build Command(s):/usr/bin/make cmTC_f708e/fast && /usr/bin/make  -f CMakeFiles/cmTC_f708e.dir/build.make CMakeFiles/cmTC_f708e.dir/build
make[1]: Entering directory '/home/khaled/ND-PCL/ND-SensorFusion-Lidar/src/quiz/ransac/build/CMakeFiles/CMakeTmp'
Building C object CMakeFiles/cmTC_f708e.dir/src.c.o
/usr/bin/cc   -DCMAKE_HAVE_LIBC_PTHREAD -o CMakeFiles/cmTC_f708e.dir/src.c.o -c /home/khaled/ND-PCL/ND-SensorFusion-Lidar/src/quiz/ransac/build/CMakeFiles/CMakeTmp/src.c
Linking C executable cmTC_f708e
/opt/cmake-3.18.0-rc1-Linux-x86_64/bin/cmake -E cmake_link_script CMakeFiles/cmTC_f708e.dir/link.txt --verbose=1
/usr/bin/cc  -DCMAKE_HAVE_LIBC_PTHREAD -rdynamic CMakeFiles/cmTC_f708e.dir/src.c.o -o cmTC_f708e 
CMakeFiles/cmTC_f708e.dir/src.c.o: In function `main':
src.c:(.text+0x3c): undefined reference to `pthread_create'
src.c:(.text+0x48): undefined reference to `pthread_detach'
src.c:(.text+0x54): undefined reference to `pthread_cancel'
src.c:(.text+0x65): undefined reference to `pthread_join'
src.c:(.text+0x79): undefined reference to `pthread_atfork'
collect2: error: ld returned 1 exit status
CMakeFiles/cmTC_f708e.dir/build.make:106: recipe for target 'cmTC_f708e' failed
make[1]: *** [cmTC_f708e] Error 1
make[1]: Leaving directory '/home/khaled/ND-PCL/ND-SensorFusion-Lidar/src/quiz/ransac/build/CMakeFiles/CMakeTmp'
Makefile:141: recipe for target 'cmTC_f708e/fast' failed
make: *** [cmTC_f708e/fast] Error 2


Source file was:
#include <pthread.h>

void* test_func(void* data)
{
  return data;
}

int main(void)
{
  pthread_t thread;
  pthread_create(&thread, NULL, test_func, NULL);
  pthread_detach(thread);
  pthread_cancel(thread);
  pthread_join(thread, NULL);
  pthread_atfork(NULL, NULL, NULL);
  pthread_exit(NULL);

  return 0;
}

Determining if the function pthread_create exists in the pthreads failed with the following output:
Change Dir: /home/khaled/ND-PCL/ND-SensorFusion-Lidar/src/quiz/ransac/build/CMakeFiles/CMakeTmp

Run Build Command(s):/usr/bin/make cmTC_db36e/fast && /usr/bin/make  -f CMakeFiles/cmTC_db36e.dir/build.make CMakeFiles/cmTC_db36e.dir/build
make[1]: Entering directory '/home/khaled/ND-PCL/ND-SensorFusion-Lidar/src/quiz/ransac/build/CMakeFiles/CMakeTmp'
Building C object CMakeFiles/cmTC_db36e.dir/CheckFunctionExists.c.o
/usr/bin/cc   -DCHECK_FUNCTION_EXISTS=pthread_create -o CMakeFiles/cmTC_db36e.dir/CheckFunctionExists.c.o -c /opt/cmake-3.18.0-rc1-Linux-x86_64/share/cmake-3.18/Modules/CheckFunctionExists.c
Linking C executable cmTC_db36e
/opt/cmake-3.18.0-rc1-Linux-x86_64/bin/cmake -E cmake_link_script CMakeFiles/cmTC_db36e.dir/link.txt --verbose=1
/usr/bin/cc  -DCHECK_FUNCTION_EXISTS=pthread_create -rdynamic CMakeFiles/cmTC_db36e.dir/CheckFunctionExists.c.o -o cmTC_db36e  -lpthreads 
/usr/bin/ld: cannot find -lpthreads
collect2: error: ld returned 1 exit status
CMakeFiles/cmTC_db36e.dir/build.make:106: recipe for target 'cmTC_db36e' failed
make[1]: *** [cmTC_db36e] Error 1
make[1]: Leaving directory '/home/khaled/ND-PCL/ND-SensorFusion-Lidar/src/quiz/ransac/build/CMakeFiles/CMakeTmp'
Makefile:141: recipe for target 'cmTC_db36e/fast' failed
make: *** [cmTC_db36e/fast] Error 2



